<?xml version="1.0" encoding="UTF-8"?>
<!-- Generated by org.testng.reporters.JUnitReportReporter -->
<testsuite hostname="DESKTOP-EQUNUBD" failures="0" tests="1" name="com.learnautomation.testcases.TestCaseWithoutFramework" time="49.837" errors="0" timestamp="2024-01-20T17:14:33 IST" skipped="0">
  <testcase classname="com.learnautomation.testcases.TestCaseWithoutFramework" name="test1" time="49.837"/>
</testsuite> <!-- com.learnautomation.testcases.TestCaseWithoutFramework -->
