<?xml version="1.0" encoding="UTF-8"?>
<!-- Generated by org.testng.reporters.JUnitReportReporter -->
<testsuite hostname="DESKTOP-EQUNUBD" failures="0" tests="1" name="com.learnautomation.testcases.TestCaseWithoutFramework" time="53.234" errors="0" timestamp="2024-01-11T21:03:56 IST" skipped="0">
  <testcase classname="com.learnautomation.testcases.TestCaseWithoutFramework" name="test1" time="53.234"/>
</testsuite> <!-- com.learnautomation.testcases.TestCaseWithoutFramework -->
