<?xml version="1.0" encoding="UTF-8"?>
<!-- Generated by org.testng.reporters.JUnitReportReporter -->
<testsuite hostname="DESKTOP-EQUNUBD" failures="0" tests="1" name="com.learnautomation.testcases.TestCaseWithoutFramework" time="62.990" errors="0" timestamp="2024-01-11T20:51:16 IST" skipped="0">
  <testcase classname="com.learnautomation.testcases.TestCaseWithoutFramework" name="test1" time="62.990"/>
</testsuite> <!-- com.learnautomation.testcases.TestCaseWithoutFramework -->
