<?xml version="1.0" encoding="UTF-8"?>
<!-- Generated by org.testng.reporters.JUnitReportReporter -->
<testsuite hostname="DESKTOP-EQUNUBD" failures="0" tests="1" name="com.learnautomation.testcases.TestCaseWithoutFramework" time="24.574" errors="0" timestamp="2023-12-14T17:58:03 IST" skipped="0">
  <testcase classname="com.learnautomation.testcases.TestCaseWithoutFramework" name="test1" time="24.574"/>
</testsuite> <!-- com.learnautomation.testcases.TestCaseWithoutFramework -->
