<?xml version="1.0" encoding="UTF-8"?>
<!-- Generated by org.testng.reporters.JUnitReportReporter -->
<testsuite hostname="DESKTOP-EQUNUBD" failures="0" tests="1" name="com.learnautomation.testcases.TestCaseWithoutFramework" time="29.580" errors="0" timestamp="2024-01-06T17:36:16 IST" skipped="0">
  <testcase classname="com.learnautomation.testcases.TestCaseWithoutFramework" name="test1" time="29.580"/>
</testsuite> <!-- com.learnautomation.testcases.TestCaseWithoutFramework -->
