<?xml version="1.0" encoding="UTF-8"?>
<!-- Generated by org.testng.reporters.JUnitReportReporter -->
<testsuite hostname="DESKTOP-EQUNUBD" failures="0" tests="2" name="com.learnautomation.testcases.LoginTestCRM" time="19.714" errors="0" timestamp="2024-01-11T21:14:29 IST" skipped="0">
  <testcase classname="com.learnautomation.testcases.LoginTestCRM" name="loginApp" time="19.289"/>
  <testcase classname="com.learnautomation.testcases.LoginTestCRM" name="loginApp1" time="0.425"/>
  <system-out>
    <![CDATA[Setup the reports and Test is getting ready
Setup Done- Test Can be Started
Trying to start the browser and application ready 
Browser and Application are startup and running
Test is about to end
Tested Completed>>>> Report Generated
Test is about to end
Tested Completed>>>> Report Generated]]>
  </system-out>
</testsuite> <!-- com.learnautomation.testcases.LoginTestCRM -->
